[0.009s] Invoking command in '/home/hands/ros2_4leg_robot/src/build/rplidar_ros': CMAKE_PREFIX_PATH=${CMAKE_PREFIX_PATH}:/opt/ros/humble /usr/bin/cmake /home/hands/ros2_4leg_robot/src/rplidar_ros2 -DCMAKE_INSTALL_PREFIX=/home/hands/ros2_4leg_robot/src/install/rplidar_ros
[0.040s] -- Found ament_cmake_auto: 1.3.11 (/opt/ros/humble/share/ament_cmake_auto/cmake)
[0.140s] -- Override CMake install command with custom implementation using symlinks instead of copying resources
[0.153s] -- Found ament_cmake_ros: 0.10.0 (/opt/ros/humble/share/ament_cmake_ros/cmake)
[0.244s] -- Found rosidl_generator_c: 3.1.6 (/opt/ros/humble/share/rosidl_generator_c/cmake)
[0.249s] -- Found rosidl_adapter: 3.1.6 (/opt/ros/humble/share/rosidl_adapter/cmake)
[0.258s] -- Found rosidl_generator_cpp: 3.1.6 (/opt/ros/humble/share/rosidl_generator_cpp/cmake)
[0.272s] -- Using all available rosidl_typesupport_c: rosidl_typesupport_fastrtps_c;rosidl_typesupport_introspection_c
[0.284s] -- Using all available rosidl_typesupport_cpp: rosidl_typesupport_fastrtps_cpp;rosidl_typesupport_introspection_cpp
[0.314s] -- Found rmw_implementation_cmake: 6.1.2 (/opt/ros/humble/share/rmw_implementation_cmake/cmake)
[0.316s] -- Found rmw_fastrtps_cpp: 6.2.7 (/opt/ros/humble/share/rmw_fastrtps_cpp/cmake)
[0.388s] -- Using RMW implementation 'rmw_fastrtps_cpp' as default
[0.497s] -- Configuring done
[0.506s] -- Generating done
[0.509s] -- Build files have been written to: /home/hands/ros2_4leg_robot/src/build/rplidar_ros
[0.516s] Invoked command in '/home/hands/ros2_4leg_robot/src/build/rplidar_ros' returned '0': CMAKE_PREFIX_PATH=${CMAKE_PREFIX_PATH}:/opt/ros/humble /usr/bin/cmake /home/hands/ros2_4leg_robot/src/rplidar_ros2 -DCMAKE_INSTALL_PREFIX=/home/hands/ros2_4leg_robot/src/install/rplidar_ros
[0.517s] Invoking command in '/home/hands/ros2_4leg_robot/src/build/rplidar_ros': CMAKE_PREFIX_PATH=${CMAKE_PREFIX_PATH}:/opt/ros/humble /usr/bin/cmake --build /home/hands/ros2_4leg_robot/src/build/rplidar_ros -- -j16 -l16
[0.561s] [35m[1mConsolidate compiler generated dependencies of target rplidar_composition_node[0m
[0.600s] [ 77%] Built target rplidar_composition_node
[0.615s] [35m[1mConsolidate compiler generated dependencies of target rplidar_composition[0m
[0.641s] [100%] Built target rplidar_composition
[0.656s] Invoked command in '/home/hands/ros2_4leg_robot/src/build/rplidar_ros' returned '0': CMAKE_PREFIX_PATH=${CMAKE_PREFIX_PATH}:/opt/ros/humble /usr/bin/cmake --build /home/hands/ros2_4leg_robot/src/build/rplidar_ros -- -j16 -l16
[0.669s] Invoking command in '/home/hands/ros2_4leg_robot/src/build/rplidar_ros': CMAKE_PREFIX_PATH=${CMAKE_PREFIX_PATH}:/opt/ros/humble /usr/bin/cmake --install /home/hands/ros2_4leg_robot/src/build/rplidar_ros
[0.679s] -- Install configuration: ""
[0.680s] -- Execute custom install script
[0.680s] -- Up-to-date symlink: /home/hands/ros2_4leg_robot/src/install/rplidar_ros/lib/rplidar_ros/rplidar_composition
[0.680s] -- Up-to-date symlink: /home/hands/ros2_4leg_robot/src/install/rplidar_ros/share/rplidar_ros/launch/rplidar.launch.py
[0.681s] -- Up-to-date symlink: /home/hands/ros2_4leg_robot/src/install/rplidar_ros/share/rplidar_ros/launch/rplidar_a3.launch.py
[0.681s] -- Up-to-date symlink: /home/hands/ros2_4leg_robot/src/install/rplidar_ros/share/rplidar_ros/launch/rplidar_s1.launch.py
[0.681s] -- Up-to-date symlink: /home/hands/ros2_4leg_robot/src/install/rplidar_ros/share/rplidar_ros/launch/rplidar_s1_tcp.launch.py
[0.681s] -- Up-to-date symlink: /home/hands/ros2_4leg_robot/src/install/rplidar_ros/share/rplidar_ros/launch/test_rplidar_a3.launch.py
[0.681s] -- Up-to-date symlink: /home/hands/ros2_4leg_robot/src/install/rplidar_ros/share/rplidar_ros/launch/view_rplidar.launch.py
[0.681s] -- Up-to-date symlink: /home/hands/ros2_4leg_robot/src/install/rplidar_ros/share/rplidar_ros/launch/view_rplidar_a3.launch.py
[0.681s] -- Up-to-date symlink: /home/hands/ros2_4leg_robot/src/install/rplidar_ros/share/rplidar_ros/launch/view_rplidar_s1.launch.py
[0.682s] -- Up-to-date symlink: /home/hands/ros2_4leg_robot/src/install/rplidar_ros/share/rplidar_ros/launch/view_rplidar_s1_tcp.launch.py
[0.682s] -- Up-to-date symlink: /home/hands/ros2_4leg_robot/src/install/rplidar_ros/share/rplidar_ros/rviz/rplidar.rviz
[0.682s] -- Up-to-date symlink: /home/hands/ros2_4leg_robot/src/install/rplidar_ros/lib/librplidar_composition_node.so
[0.682s] -- Up-to-date symlink: /home/hands/ros2_4leg_robot/src/install/rplidar_ros/include/rplidar_node.hpp
[0.682s] -- Up-to-date symlink: /home/hands/ros2_4leg_robot/src/install/rplidar_ros/include/visibility.h
[0.682s] -- Up-to-date symlink: /home/hands/ros2_4leg_robot/src/install/rplidar_ros/lib/rplidar_ros/rplidar_composition
[0.682s] -- Up-to-date symlink: /home/hands/ros2_4leg_robot/src/install/rplidar_ros/share/ament_index/resource_index/package_run_dependencies/rplidar_ros
[0.683s] -- Up-to-date symlink: /home/hands/ros2_4leg_robot/src/install/rplidar_ros/share/ament_index/resource_index/parent_prefix_path/rplidar_ros
[0.683s] -- Up-to-date symlink: /home/hands/ros2_4leg_robot/src/install/rplidar_ros/share/rplidar_ros/environment/ament_prefix_path.sh
[0.683s] -- Up-to-date symlink: /home/hands/ros2_4leg_robot/src/install/rplidar_ros/share/rplidar_ros/environment/ament_prefix_path.dsv
[0.683s] -- Up-to-date symlink: /home/hands/ros2_4leg_robot/src/install/rplidar_ros/share/rplidar_ros/environment/path.sh
[0.683s] -- Up-to-date symlink: /home/hands/ros2_4leg_robot/src/install/rplidar_ros/share/rplidar_ros/environment/path.dsv
[0.683s] -- Up-to-date symlink: /home/hands/ros2_4leg_robot/src/install/rplidar_ros/share/rplidar_ros/local_setup.bash
[0.684s] -- Up-to-date symlink: /home/hands/ros2_4leg_robot/src/install/rplidar_ros/share/rplidar_ros/local_setup.sh
[0.684s] -- Up-to-date symlink: /home/hands/ros2_4leg_robot/src/install/rplidar_ros/share/rplidar_ros/local_setup.zsh
[0.684s] -- Up-to-date symlink: /home/hands/ros2_4leg_robot/src/install/rplidar_ros/share/rplidar_ros/local_setup.dsv
[0.684s] -- Symlinking: /home/hands/ros2_4leg_robot/src/install/rplidar_ros/share/rplidar_ros/package.dsv
[0.695s] -- Up-to-date symlink: /home/hands/ros2_4leg_robot/src/install/rplidar_ros/share/ament_index/resource_index/packages/rplidar_ros
[0.695s] -- Up-to-date symlink: /home/hands/ros2_4leg_robot/src/install/rplidar_ros/share/ament_index/resource_index/rclcpp_components/rplidar_ros
[0.695s] -- Up-to-date symlink: /home/hands/ros2_4leg_robot/src/install/rplidar_ros/share/rplidar_ros/cmake/ament_cmake_export_dependencies-extras.cmake
[0.695s] -- Up-to-date symlink: /home/hands/ros2_4leg_robot/src/install/rplidar_ros/share/rplidar_ros/cmake/ament_cmake_export_include_directories-extras.cmake
[0.695s] -- Up-to-date symlink: /home/hands/ros2_4leg_robot/src/install/rplidar_ros/share/rplidar_ros/cmake/rplidar_rosConfig.cmake
[0.696s] -- Up-to-date symlink: /home/hands/ros2_4leg_robot/src/install/rplidar_ros/share/rplidar_ros/cmake/rplidar_rosConfig-version.cmake
[0.696s] -- Up-to-date symlink: /home/hands/ros2_4leg_robot/src/install/rplidar_ros/share/rplidar_ros/package.xml
[0.698s] Invoked command in '/home/hands/ros2_4leg_robot/src/build/rplidar_ros' returned '0': CMAKE_PREFIX_PATH=${CMAKE_PREFIX_PATH}:/opt/ros/humble /usr/bin/cmake --install /home/hands/ros2_4leg_robot/src/build/rplidar_ros
