[0.008s] Invoking command in '/home/hands/ros2_4leg_robot/src/build/rplidar_ros': CMAKE_PREFIX_PATH=/opt/ros/humble /usr/bin/cmake --build /home/hands/ros2_4leg_robot/src/build/rplidar_ros -- -j16 -l16
[0.047s] [35m[1mConsolidate compiler generated dependencies of target rplidar_composition_node[0m
[0.063s] [ 77%] Built target rplidar_composition_node
[0.075s] [35m[1mConsolidate compiler generated dependencies of target rplidar_composition[0m
[0.093s] [100%] Built target rplidar_composition
[0.105s] Invoked command in '/home/hands/ros2_4leg_robot/src/build/rplidar_ros' returned '0': CMAKE_PREFIX_PATH=/opt/ros/humble /usr/bin/cmake --build /home/hands/ros2_4leg_robot/src/build/rplidar_ros -- -j16 -l16
[0.116s] Invoking command in '/home/hands/ros2_4leg_robot/src/build/rplidar_ros': CMAKE_PREFIX_PATH=/opt/ros/humble /usr/bin/cmake --install /home/hands/ros2_4leg_robot/src/build/rplidar_ros
[0.123s] -- Install configuration: ""
[0.124s] -- Execute custom install script
[0.124s] -- Up-to-date symlink: /home/hands/ros2_4leg_robot/src/install/rplidar_ros/lib/rplidar_ros/rplidar_composition
[0.125s] -- Up-to-date symlink: /home/hands/ros2_4leg_robot/src/install/rplidar_ros/share/rplidar_ros/launch/rplidar.launch.py
[0.125s] -- Up-to-date symlink: /home/hands/ros2_4leg_robot/src/install/rplidar_ros/share/rplidar_ros/launch/rplidar_a3.launch.py
[0.125s] -- Up-to-date symlink: /home/hands/ros2_4leg_robot/src/install/rplidar_ros/share/rplidar_ros/launch/rplidar_s1.launch.py
[0.125s] -- Up-to-date symlink: /home/hands/ros2_4leg_robot/src/install/rplidar_ros/share/rplidar_ros/launch/rplidar_s1_tcp.launch.py
[0.125s] -- Up-to-date symlink: /home/hands/ros2_4leg_robot/src/install/rplidar_ros/share/rplidar_ros/launch/test_rplidar_a3.launch.py
[0.126s] -- Up-to-date symlink: /home/hands/ros2_4leg_robot/src/install/rplidar_ros/share/rplidar_ros/launch/view_rplidar.launch.py
[0.126s] -- Up-to-date symlink: /home/hands/ros2_4leg_robot/src/install/rplidar_ros/share/rplidar_ros/launch/view_rplidar_a3.launch.py
[0.126s] -- Up-to-date symlink: /home/hands/ros2_4leg_robot/src/install/rplidar_ros/share/rplidar_ros/launch/view_rplidar_s1.launch.py
[0.126s] -- Up-to-date symlink: /home/hands/ros2_4leg_robot/src/install/rplidar_ros/share/rplidar_ros/launch/view_rplidar_s1_tcp.launch.py
[0.126s] -- Up-to-date symlink: /home/hands/ros2_4leg_robot/src/install/rplidar_ros/share/rplidar_ros/rviz/rplidar.rviz
[0.126s] -- Up-to-date symlink: /home/hands/ros2_4leg_robot/src/install/rplidar_ros/lib/librplidar_composition_node.so
[0.126s] -- Up-to-date symlink: /home/hands/ros2_4leg_robot/src/install/rplidar_ros/include/rplidar_node.hpp
[0.127s] -- Up-to-date symlink: /home/hands/ros2_4leg_robot/src/install/rplidar_ros/include/visibility.h
[0.127s] -- Up-to-date symlink: /home/hands/ros2_4leg_robot/src/install/rplidar_ros/lib/rplidar_ros/rplidar_composition
[0.127s] -- Up-to-date symlink: /home/hands/ros2_4leg_robot/src/install/rplidar_ros/share/ament_index/resource_index/package_run_dependencies/rplidar_ros
[0.127s] -- Up-to-date symlink: /home/hands/ros2_4leg_robot/src/install/rplidar_ros/share/ament_index/resource_index/parent_prefix_path/rplidar_ros
[0.127s] -- Up-to-date symlink: /home/hands/ros2_4leg_robot/src/install/rplidar_ros/share/rplidar_ros/environment/ament_prefix_path.sh
[0.127s] -- Up-to-date symlink: /home/hands/ros2_4leg_robot/src/install/rplidar_ros/share/rplidar_ros/environment/ament_prefix_path.dsv
[0.127s] -- Up-to-date symlink: /home/hands/ros2_4leg_robot/src/install/rplidar_ros/share/rplidar_ros/environment/path.sh
[0.127s] -- Up-to-date symlink: /home/hands/ros2_4leg_robot/src/install/rplidar_ros/share/rplidar_ros/environment/path.dsv
[0.128s] -- Up-to-date symlink: /home/hands/ros2_4leg_robot/src/install/rplidar_ros/share/rplidar_ros/local_setup.bash
[0.128s] -- Up-to-date symlink: /home/hands/ros2_4leg_robot/src/install/rplidar_ros/share/rplidar_ros/local_setup.sh
[0.128s] -- Up-to-date symlink: /home/hands/ros2_4leg_robot/src/install/rplidar_ros/share/rplidar_ros/local_setup.zsh
[0.128s] -- Up-to-date symlink: /home/hands/ros2_4leg_robot/src/install/rplidar_ros/share/rplidar_ros/local_setup.dsv
[0.128s] -- Symlinking: /home/hands/ros2_4leg_robot/src/install/rplidar_ros/share/rplidar_ros/package.dsv
[0.138s] -- Up-to-date symlink: /home/hands/ros2_4leg_robot/src/install/rplidar_ros/share/ament_index/resource_index/packages/rplidar_ros
[0.138s] -- Up-to-date symlink: /home/hands/ros2_4leg_robot/src/install/rplidar_ros/share/ament_index/resource_index/rclcpp_components/rplidar_ros
[0.138s] -- Up-to-date symlink: /home/hands/ros2_4leg_robot/src/install/rplidar_ros/share/rplidar_ros/cmake/ament_cmake_export_dependencies-extras.cmake
[0.139s] -- Up-to-date symlink: /home/hands/ros2_4leg_robot/src/install/rplidar_ros/share/rplidar_ros/cmake/ament_cmake_export_include_directories-extras.cmake
[0.139s] -- Up-to-date symlink: /home/hands/ros2_4leg_robot/src/install/rplidar_ros/share/rplidar_ros/cmake/rplidar_rosConfig.cmake
[0.139s] -- Up-to-date symlink: /home/hands/ros2_4leg_robot/src/install/rplidar_ros/share/rplidar_ros/cmake/rplidar_rosConfig-version.cmake
[0.139s] -- Up-to-date symlink: /home/hands/ros2_4leg_robot/src/install/rplidar_ros/share/rplidar_ros/package.xml
[0.141s] Invoked command in '/home/hands/ros2_4leg_robot/src/build/rplidar_ros' returned '0': CMAKE_PREFIX_PATH=/opt/ros/humble /usr/bin/cmake --install /home/hands/ros2_4leg_robot/src/build/rplidar_ros
