[0.064s] DEBUG:colcon:Command line arguments: ['/usr/bin/colcon', 'build', '--symlink-install']
[0.064s] DEBUG:colcon:Parsed command line arguments: Namespace(log_base=None, log_level=None, verb_name='build', build_base='build', install_base='install', merge_install=False, symlink_install=True, test_result_base=None, continue_on_error=False, executor='parallel', parallel_workers=16, event_handlers=None, ignore_user_meta=False, metas=['./colcon.meta'], base_paths=['.'], packages_ignore=None, packages_ignore_regex=None, paths=None, packages_up_to=None, packages_up_to_regex=None, packages_above=None, packages_above_and_dependencies=None, packages_above_depth=None, packages_select_by_dep=None, packages_skip_by_dep=None, packages_skip_up_to=None, packages_select_build_failed=False, packages_skip_build_finished=False, packages_select_test_failures=False, packages_skip_test_passed=False, packages_select=None, packages_skip=None, packages_select_regex=None, packages_skip_regex=None, packages_start=None, packages_end=None, allow_overriding=[], cmake_args=None, cmake_target=None, cmake_target_skip_unavailable=False, cmake_clean_cache=False, cmake_clean_first=False, cmake_force_configure=False, ament_cmake_args=None, catkin_cmake_args=None, catkin_skip_building_tests=False, mixin_files=None, mixin=None, verb_parser=<colcon_mixin.mixin.mixin_argument.MixinArgumentDecorator object at 0x7a733fd54a60>, verb_extension=<colcon_core.verb.build.BuildVerb object at 0x7a733fd54490>, main=<bound method BuildVerb.main of <colcon_core.verb.build.BuildVerb object at 0x7a733fd54490>>, mixin_verb=('build',))
[0.153s] Level 1:colcon.colcon_core.package_discovery:discover_packages(colcon_meta) check parameters
[0.153s] Level 1:colcon.colcon_core.package_discovery:discover_packages(recursive) check parameters
[0.153s] Level 1:colcon.colcon_core.package_discovery:discover_packages(ignore) check parameters
[0.153s] Level 1:colcon.colcon_core.package_discovery:discover_packages(path) check parameters
[0.153s] Level 1:colcon.colcon_core.package_discovery:discover_packages(colcon_meta) discover
[0.153s] Level 1:colcon.colcon_core.package_discovery:discover_packages(recursive) discover
[0.153s] INFO:colcon.colcon_core.package_discovery:Crawling recursively for packages in '/home/hands/ros2_4leg_robot/src'
[0.153s] Level 1:colcon.colcon_core.package_identification:_identify(.) by extensions ['ignore', 'ignore_ament_install']
[0.153s] Level 1:colcon.colcon_core.package_identification:_identify(.) by extension 'ignore'
[0.153s] Level 1:colcon.colcon_core.package_identification:_identify(.) by extension 'ignore_ament_install'
[0.153s] Level 1:colcon.colcon_core.package_identification:_identify(.) by extensions ['colcon_pkg']
[0.153s] Level 1:colcon.colcon_core.package_identification:_identify(.) by extension 'colcon_pkg'
[0.153s] Level 1:colcon.colcon_core.package_identification:_identify(.) by extensions ['colcon_meta']
[0.153s] Level 1:colcon.colcon_core.package_identification:_identify(.) by extension 'colcon_meta'
[0.153s] Level 1:colcon.colcon_core.package_identification:_identify(.) by extensions ['ros']
[0.153s] Level 1:colcon.colcon_core.package_identification:_identify(.) by extension 'ros'
[0.160s] Level 1:colcon.colcon_core.package_identification:_identify(.) by extensions ['cmake', 'python']
[0.160s] Level 1:colcon.colcon_core.package_identification:_identify(.) by extension 'cmake'
[0.160s] Level 1:colcon.colcon_core.package_identification:_identify(.) by extension 'python'
[0.160s] Level 1:colcon.colcon_core.package_identification:_identify(.) by extensions ['python_setup_py']
[0.160s] Level 1:colcon.colcon_core.package_identification:_identify(.) by extension 'python_setup_py'
[0.161s] Level 1:colcon.colcon_core.package_identification:_identify(build) by extensions ['ignore', 'ignore_ament_install']
[0.161s] Level 1:colcon.colcon_core.package_identification:_identify(build) by extension 'ignore'
[0.161s] Level 1:colcon.colcon_core.package_identification:_identify(build) ignored
[0.161s] Level 1:colcon.colcon_core.package_identification:_identify(install) by extensions ['ignore', 'ignore_ament_install']
[0.161s] Level 1:colcon.colcon_core.package_identification:_identify(install) by extension 'ignore'
[0.161s] Level 1:colcon.colcon_core.package_identification:_identify(install) ignored
[0.161s] Level 1:colcon.colcon_core.package_identification:_identify(log) by extensions ['ignore', 'ignore_ament_install']
[0.161s] Level 1:colcon.colcon_core.package_identification:_identify(log) by extension 'ignore'
[0.161s] Level 1:colcon.colcon_core.package_identification:_identify(log) ignored
[0.161s] Level 1:colcon.colcon_core.package_identification:_identify(rplidar_ros2) by extensions ['ignore', 'ignore_ament_install']
[0.161s] Level 1:colcon.colcon_core.package_identification:_identify(rplidar_ros2) by extension 'ignore'
[0.161s] Level 1:colcon.colcon_core.package_identification:_identify(rplidar_ros2) by extension 'ignore_ament_install'
[0.161s] Level 1:colcon.colcon_core.package_identification:_identify(rplidar_ros2) by extensions ['colcon_pkg']
[0.161s] Level 1:colcon.colcon_core.package_identification:_identify(rplidar_ros2) by extension 'colcon_pkg'
[0.161s] Level 1:colcon.colcon_core.package_identification:_identify(rplidar_ros2) by extensions ['colcon_meta']
[0.161s] Level 1:colcon.colcon_core.package_identification:_identify(rplidar_ros2) by extension 'colcon_meta'
[0.161s] Level 1:colcon.colcon_core.package_identification:_identify(rplidar_ros2) by extensions ['ros']
[0.161s] Level 1:colcon.colcon_core.package_identification:_identify(rplidar_ros2) by extension 'ros'
[0.163s] DEBUG:colcon.colcon_core.package_identification:Package 'rplidar_ros2' with type 'ros.ament_cmake' and name 'rplidar_ros'
[0.163s] Level 1:colcon.colcon_core.package_discovery:discover_packages(recursive) using defaults
[0.163s] Level 1:colcon.colcon_core.package_discovery:discover_packages(ignore) discover
[0.163s] Level 1:colcon.colcon_core.package_discovery:discover_packages(ignore) using defaults
[0.163s] Level 1:colcon.colcon_core.package_discovery:discover_packages(path) discover
[0.163s] Level 1:colcon.colcon_core.package_discovery:discover_packages(path) using defaults
[0.182s] Level 1:colcon.colcon_core.package_discovery:discover_packages(prefix_path) check parameters
[0.182s] Level 1:colcon.colcon_core.package_discovery:discover_packages(prefix_path) discover
[0.183s] DEBUG:colcon.colcon_installed_package_information.package_discovery:Found 271 installed packages in /opt/ros/humble
[0.184s] Level 1:colcon.colcon_core.package_discovery:discover_packages(prefix_path) using defaults
[0.204s] Level 5:colcon.colcon_core.verb:set package 'rplidar_ros' build argument 'cmake_args' from command line to 'None'
[0.204s] Level 5:colcon.colcon_core.verb:set package 'rplidar_ros' build argument 'cmake_target' from command line to 'None'
[0.204s] Level 5:colcon.colcon_core.verb:set package 'rplidar_ros' build argument 'cmake_target_skip_unavailable' from command line to 'False'
[0.204s] Level 5:colcon.colcon_core.verb:set package 'rplidar_ros' build argument 'cmake_clean_cache' from command line to 'False'
[0.204s] Level 5:colcon.colcon_core.verb:set package 'rplidar_ros' build argument 'cmake_clean_first' from command line to 'False'
[0.205s] Level 5:colcon.colcon_core.verb:set package 'rplidar_ros' build argument 'cmake_force_configure' from command line to 'False'
[0.205s] Level 5:colcon.colcon_core.verb:set package 'rplidar_ros' build argument 'ament_cmake_args' from command line to 'None'
[0.205s] Level 5:colcon.colcon_core.verb:set package 'rplidar_ros' build argument 'catkin_cmake_args' from command line to 'None'
[0.205s] Level 5:colcon.colcon_core.verb:set package 'rplidar_ros' build argument 'catkin_skip_building_tests' from command line to 'False'
[0.205s] DEBUG:colcon.colcon_core.verb:Building package 'rplidar_ros' with the following arguments: {'ament_cmake_args': None, 'build_base': '/home/hands/ros2_4leg_robot/src/build/rplidar_ros', 'catkin_cmake_args': None, 'catkin_skip_building_tests': False, 'cmake_args': None, 'cmake_clean_cache': False, 'cmake_clean_first': False, 'cmake_force_configure': False, 'cmake_target': None, 'cmake_target_skip_unavailable': False, 'install_base': '/home/hands/ros2_4leg_robot/src/install/rplidar_ros', 'merge_install': False, 'path': '/home/hands/ros2_4leg_robot/src/rplidar_ros2', 'symlink_install': True, 'test_result_base': None}
[0.205s] INFO:colcon.colcon_core.executor:Executing jobs using 'parallel' executor
[0.206s] DEBUG:colcon.colcon_parallel_executor.executor.parallel:run_until_complete
[0.206s] INFO:colcon.colcon_ros.task.ament_cmake.build:Building ROS package in '/home/hands/ros2_4leg_robot/src/rplidar_ros2' with build type 'ament_cmake'
[0.206s] INFO:colcon.colcon_cmake.task.cmake.build:Building CMake package in '/home/hands/ros2_4leg_robot/src/rplidar_ros2'
[0.207s] INFO:colcon.colcon_core.plugin_system:Skipping extension 'colcon_core.shell.bat': Not used on non-Windows systems
[0.207s] INFO:colcon.colcon_core.shell:Skip shell extension 'powershell' for command environment: Not usable outside of PowerShell
[0.207s] DEBUG:colcon.colcon_core.shell:Skip shell extension 'dsv' for command environment
[0.213s] DEBUG:colcon.colcon_core.event_handler.log_command:Invoking command in '/home/hands/ros2_4leg_robot/src/build/rplidar_ros': CMAKE_PREFIX_PATH=/opt/ros/humble /usr/bin/cmake /home/hands/ros2_4leg_robot/src/rplidar_ros2 -DAMENT_CMAKE_SYMLINK_INSTALL=1 -DCMAKE_INSTALL_PREFIX=/home/hands/ros2_4leg_robot/src/install/rplidar_ros
[1.479s] DEBUG:colcon.colcon_core.event_handler.log_command:Invoked command in '/home/hands/ros2_4leg_robot/src/build/rplidar_ros' returned '0': CMAKE_PREFIX_PATH=/opt/ros/humble /usr/bin/cmake /home/hands/ros2_4leg_robot/src/rplidar_ros2 -DAMENT_CMAKE_SYMLINK_INSTALL=1 -DCMAKE_INSTALL_PREFIX=/home/hands/ros2_4leg_robot/src/install/rplidar_ros
[1.480s] DEBUG:colcon.colcon_core.event_handler.log_command:Invoking command in '/home/hands/ros2_4leg_robot/src/build/rplidar_ros': CMAKE_PREFIX_PATH=/opt/ros/humble /usr/bin/cmake --build /home/hands/ros2_4leg_robot/src/build/rplidar_ros -- -j16 -l16
[7.193s] DEBUG:colcon.colcon_core.event_handler.log_command:Invoked command in '/home/hands/ros2_4leg_robot/src/build/rplidar_ros' returned '0': CMAKE_PREFIX_PATH=/opt/ros/humble /usr/bin/cmake --build /home/hands/ros2_4leg_robot/src/build/rplidar_ros -- -j16 -l16
[7.207s] DEBUG:colcon.colcon_core.event_handler.log_command:Invoking command in '/home/hands/ros2_4leg_robot/src/build/rplidar_ros': CMAKE_PREFIX_PATH=/opt/ros/humble /usr/bin/cmake --install /home/hands/ros2_4leg_robot/src/build/rplidar_ros
[7.507s] Level 1:colcon.colcon_core.environment:create_environment_scripts_only(rplidar_ros)
[7.508s] DEBUG:colcon.colcon_core.event_handler.log_command:Invoked command in '/home/hands/ros2_4leg_robot/src/build/rplidar_ros' returned '0': CMAKE_PREFIX_PATH=/opt/ros/humble /usr/bin/cmake --install /home/hands/ros2_4leg_robot/src/build/rplidar_ros
[7.510s] Level 1:colcon.colcon_core.environment:checking '/home/hands/ros2_4leg_robot/src/install/rplidar_ros' for CMake module files
[7.510s] Level 1:colcon.colcon_core.environment:checking '/home/hands/ros2_4leg_robot/src/install/rplidar_ros' for CMake config files
[7.511s] Level 1:colcon.colcon_core.shell:create_environment_hook('rplidar_ros', 'cmake_prefix_path')
[7.511s] INFO:colcon.colcon_core.shell:Creating environment hook '/home/hands/ros2_4leg_robot/src/install/rplidar_ros/share/rplidar_ros/hook/cmake_prefix_path.ps1'
[7.511s] INFO:colcon.colcon_core.shell:Creating environment descriptor '/home/hands/ros2_4leg_robot/src/install/rplidar_ros/share/rplidar_ros/hook/cmake_prefix_path.dsv'
[7.512s] INFO:colcon.colcon_core.shell:Creating environment hook '/home/hands/ros2_4leg_robot/src/install/rplidar_ros/share/rplidar_ros/hook/cmake_prefix_path.sh'
[7.512s] Level 1:colcon.colcon_core.environment:checking '/home/hands/ros2_4leg_robot/src/install/rplidar_ros/lib'
[7.513s] Level 1:colcon.colcon_core.shell:create_environment_hook('rplidar_ros', 'ld_library_path_lib')
[7.513s] INFO:colcon.colcon_core.shell:Creating environment hook '/home/hands/ros2_4leg_robot/src/install/rplidar_ros/share/rplidar_ros/hook/ld_library_path_lib.ps1'
[7.513s] INFO:colcon.colcon_core.shell:Creating environment descriptor '/home/hands/ros2_4leg_robot/src/install/rplidar_ros/share/rplidar_ros/hook/ld_library_path_lib.dsv'
[7.513s] INFO:colcon.colcon_core.shell:Creating environment hook '/home/hands/ros2_4leg_robot/src/install/rplidar_ros/share/rplidar_ros/hook/ld_library_path_lib.sh'
[7.514s] Level 1:colcon.colcon_core.environment:checking '/home/hands/ros2_4leg_robot/src/install/rplidar_ros/bin'
[7.514s] Level 1:colcon.colcon_core.environment:checking '/home/hands/ros2_4leg_robot/src/install/rplidar_ros/lib/pkgconfig/rplidar_ros.pc'
[7.514s] Level 1:colcon.colcon_core.environment:checking '/home/hands/ros2_4leg_robot/src/install/rplidar_ros/lib/python3.10/site-packages'
[7.514s] Level 1:colcon.colcon_core.environment:checking '/home/hands/ros2_4leg_robot/src/install/rplidar_ros/bin'
[7.514s] INFO:colcon.colcon_core.shell:Creating package script '/home/hands/ros2_4leg_robot/src/install/rplidar_ros/share/rplidar_ros/package.ps1'
[7.515s] INFO:colcon.colcon_core.shell:Creating package descriptor '/home/hands/ros2_4leg_robot/src/install/rplidar_ros/share/rplidar_ros/package.dsv'
[7.515s] INFO:colcon.colcon_core.shell:Creating package script '/home/hands/ros2_4leg_robot/src/install/rplidar_ros/share/rplidar_ros/package.sh'
[7.515s] INFO:colcon.colcon_core.shell:Creating package script '/home/hands/ros2_4leg_robot/src/install/rplidar_ros/share/rplidar_ros/package.bash'
[7.516s] INFO:colcon.colcon_core.shell:Creating package script '/home/hands/ros2_4leg_robot/src/install/rplidar_ros/share/rplidar_ros/package.zsh'
[7.516s] Level 1:colcon.colcon_core.environment:create_file_with_runtime_dependencies(/home/hands/ros2_4leg_robot/src/install/rplidar_ros/share/colcon-core/packages/rplidar_ros)
[7.516s] Level 1:colcon.colcon_core.environment:create_environment_scripts_only(rplidar_ros)
[7.517s] Level 1:colcon.colcon_core.environment:checking '/home/hands/ros2_4leg_robot/src/install/rplidar_ros' for CMake module files
[7.517s] Level 1:colcon.colcon_core.environment:checking '/home/hands/ros2_4leg_robot/src/install/rplidar_ros' for CMake config files
[7.517s] Level 1:colcon.colcon_core.shell:create_environment_hook('rplidar_ros', 'cmake_prefix_path')
[7.517s] INFO:colcon.colcon_core.shell:Creating environment hook '/home/hands/ros2_4leg_robot/src/install/rplidar_ros/share/rplidar_ros/hook/cmake_prefix_path.ps1'
[7.517s] INFO:colcon.colcon_core.shell:Creating environment descriptor '/home/hands/ros2_4leg_robot/src/install/rplidar_ros/share/rplidar_ros/hook/cmake_prefix_path.dsv'
[7.517s] INFO:colcon.colcon_core.shell:Creating environment hook '/home/hands/ros2_4leg_robot/src/install/rplidar_ros/share/rplidar_ros/hook/cmake_prefix_path.sh'
[7.518s] Level 1:colcon.colcon_core.environment:checking '/home/hands/ros2_4leg_robot/src/install/rplidar_ros/lib'
[7.518s] Level 1:colcon.colcon_core.shell:create_environment_hook('rplidar_ros', 'ld_library_path_lib')
[7.518s] INFO:colcon.colcon_core.shell:Creating environment hook '/home/hands/ros2_4leg_robot/src/install/rplidar_ros/share/rplidar_ros/hook/ld_library_path_lib.ps1'
[7.518s] INFO:colcon.colcon_core.shell:Creating environment descriptor '/home/hands/ros2_4leg_robot/src/install/rplidar_ros/share/rplidar_ros/hook/ld_library_path_lib.dsv'
[7.518s] INFO:colcon.colcon_core.shell:Creating environment hook '/home/hands/ros2_4leg_robot/src/install/rplidar_ros/share/rplidar_ros/hook/ld_library_path_lib.sh'
[7.519s] Level 1:colcon.colcon_core.environment:checking '/home/hands/ros2_4leg_robot/src/install/rplidar_ros/bin'
[7.519s] Level 1:colcon.colcon_core.environment:checking '/home/hands/ros2_4leg_robot/src/install/rplidar_ros/lib/pkgconfig/rplidar_ros.pc'
[7.519s] Level 1:colcon.colcon_core.environment:checking '/home/hands/ros2_4leg_robot/src/install/rplidar_ros/lib/python3.10/site-packages'
[7.519s] Level 1:colcon.colcon_core.environment:checking '/home/hands/ros2_4leg_robot/src/install/rplidar_ros/bin'
[7.519s] INFO:colcon.colcon_core.shell:Creating package script '/home/hands/ros2_4leg_robot/src/install/rplidar_ros/share/rplidar_ros/package.ps1'
[7.519s] INFO:colcon.colcon_core.shell:Creating package descriptor '/home/hands/ros2_4leg_robot/src/install/rplidar_ros/share/rplidar_ros/package.dsv'
[7.520s] INFO:colcon.colcon_core.shell:Creating package script '/home/hands/ros2_4leg_robot/src/install/rplidar_ros/share/rplidar_ros/package.sh'
[7.520s] INFO:colcon.colcon_core.shell:Creating package script '/home/hands/ros2_4leg_robot/src/install/rplidar_ros/share/rplidar_ros/package.bash'
[7.520s] INFO:colcon.colcon_core.shell:Creating package script '/home/hands/ros2_4leg_robot/src/install/rplidar_ros/share/rplidar_ros/package.zsh'
[7.520s] Level 1:colcon.colcon_core.environment:create_file_with_runtime_dependencies(/home/hands/ros2_4leg_robot/src/install/rplidar_ros/share/colcon-core/packages/rplidar_ros)
[7.520s] DEBUG:colcon.colcon_parallel_executor.executor.parallel:closing loop
[7.520s] DEBUG:colcon.colcon_parallel_executor.executor.parallel:loop closed
[7.520s] DEBUG:colcon.colcon_parallel_executor.executor.parallel:run_until_complete finished with '0'
[7.520s] DEBUG:colcon.colcon_core.event_reactor:joining thread
[7.524s] INFO:colcon.colcon_core.plugin_system:Skipping extension 'colcon_notification.desktop_notification.terminal_notifier': Not used on non-Darwin systems
[7.524s] INFO:colcon.colcon_core.plugin_system:Skipping extension 'colcon_notification.desktop_notification.win32': Not used on non-Windows systems
[7.524s] INFO:colcon.colcon_notification.desktop_notification:Sending desktop notification using 'notify2'
[7.534s] DEBUG:colcon.colcon_core.event_reactor:joined thread
[7.534s] INFO:colcon.colcon_core.shell:Creating prefix script '/home/hands/ros2_4leg_robot/src/install/local_setup.ps1'
[7.535s] INFO:colcon.colcon_core.shell:Creating prefix util module '/home/hands/ros2_4leg_robot/src/install/_local_setup_util_ps1.py'
[7.536s] INFO:colcon.colcon_core.shell:Creating prefix chain script '/home/hands/ros2_4leg_robot/src/install/setup.ps1'
[7.536s] INFO:colcon.colcon_core.shell:Creating prefix script '/home/hands/ros2_4leg_robot/src/install/local_setup.sh'
[7.537s] INFO:colcon.colcon_core.shell:Creating prefix util module '/home/hands/ros2_4leg_robot/src/install/_local_setup_util_sh.py'
[7.537s] INFO:colcon.colcon_core.shell:Creating prefix chain script '/home/hands/ros2_4leg_robot/src/install/setup.sh'
[7.538s] INFO:colcon.colcon_core.shell:Creating prefix script '/home/hands/ros2_4leg_robot/src/install/local_setup.bash'
[7.538s] INFO:colcon.colcon_core.shell:Creating prefix chain script '/home/hands/ros2_4leg_robot/src/install/setup.bash'
[7.538s] INFO:colcon.colcon_core.shell:Creating prefix script '/home/hands/ros2_4leg_robot/src/install/local_setup.zsh'
[7.539s] INFO:colcon.colcon_core.shell:Creating prefix chain script '/home/hands/ros2_4leg_robot/src/install/setup.zsh'
